<?xml version="1.0" encoding="UTF-8"?>
<testsuite name="com.example.task02.Tests" tests="4" skipped="0" failures="0" errors="0" timestamp="2020-12-27T16:07:45" hostname="DESKTOP-UF4O55G" time="0.352">
  <properties/>
  <testcase name="test1" classname="com.example.task02.Tests" time="0.166"/>
  <testcase name="test2" classname="com.example.task02.Tests" time="0.084"/>
  <testcase name="test3" classname="com.example.task02.Tests" time="0.097"/>
  <testcase name="test4" classname="com.example.task02.Tests" time="0.005"/>
  <system-out><![CDATA[]]></system-out>
  <system-err><![CDATA[]]></system-err>
</testsuite>
